生成启动时间为 2017/7/23 22:47:56。
     1>项目“F:\116.[C++]游戏引擎\Simple2D\Simple2D\thirdparty\SLib\SLib.vcxproj”在节点 2 上(Build 个目标)。
     1>ClCompile:
         C:\Program Files (x86)\Microsoft Visual Studio 12.0\VC\bin\CL.exe /c /ZI /nologo /W3 /WX- /sdl /Od /Oy- /D _UNICODE /D UNICODE /Gm /EHsc /RTC1 /MDd /GS /fp:precise /Zc:wchar_t /Zc:forScope /Fo"Debug\\" /Fd"Debug\vc120.pdb" /Gd /TP /analyze- /errorReport:prompt sUi\SMessageHandler.cpp
         SMessageHandler.cpp
     1>f:\116.[c++]游戏引擎\simple2d\simple2d\thirdparty\slib\sui\smessagehandler.cpp(95): warning C4715: “SMessageHandler::MessageHandlerProc”: 不是所有的控件路径都返回值
       Lib:
         C:\Program Files (x86)\Microsoft Visual Studio 12.0\VC\bin\Lib.exe /OUT:"F:\116.[C++]游戏引擎\Simple2D\Simple2D\Debug\SLib.lib" /NOLOGO Debug\SAsyncTask.obj
         Debug\SDebug.obj
         Debug\SDelayClock.obj
         Debug\SException.obj
         Debug\SFrequencyClock.obj
         Debug\SMediaClock.obj
         Debug\SObject.obj
         Debug\SRunnable.obj
         Debug\SSharedPtr.obj
         Debug\SString.obj
         Debug\SStringList.obj
         Debug\SThread.obj
         Debug\STimer.obj
         Debug\SAbstractInput.obj
         Debug\SApplication.obj
         Debug\SLabel.obj
         Debug\SMessageHandler.obj
         Debug\SWidget.obj
         Debug\SWindow.obj
     1>SSharedPtr.obj : warning LNK4221: 此对象文件未定义任何之前未定义的公共符号，因此任何耗用此库的链接操作都不会使用此文件
     1>SAsyncTask.obj : warning LNK4221: 此对象文件未定义任何之前未定义的公共符号，因此任何耗用此库的链接操作都不会使用此文件
         SLib.vcxproj -> F:\116.[C++]游戏引擎\Simple2D\Simple2D\Debug\SLib.lib
     1>已完成生成项目“F:\116.[C++]游戏引擎\Simple2D\Simple2D\thirdparty\SLib\SLib.vcxproj”(Build 个目标)的操作。

生成成功。

已用时间 00:00:02.46
